2020.12.31-21:15:21.58 - Socket successfully created..
2020.12.31-21:15:27.29 - Connection success 4...
2020.12.31-21:15:27.29 - Client ip address: 127.0.0.1, port: 5000
2020.12.31-21:16:05.87 - @
2020.12.31-21:16:32.38 - Socket successfully created..
2020.12.31-21:16:34.30 - Port reservation failed...
2020.12.31-21:16:51.55 - Socket successfully created..
2020.12.31-21:16:51.56 - Port reservation failed...
2020.12.31-21:16:55.67 - Socket successfully created..
2020.12.31-21:16:55.67 - Port reservation failed...
2020.12.31-21:17:05.02 - Socket successfully created..
2020.12.31-21:17:15.08 - Connection success 4...
2020.12.31-21:17:15.08 - Client ip address: 127.0.0.1, port: 5000
2020.12.31-21:17:28.41 - À ô¿ïþ
2020.12.31-21:23:18.34 - Socket successfully created..
2020.12.31-21:24:52.02 - Socket successfully created..
2020.12.31-21:25:14.65 - Socket successfully created..
2020.12.31-21:30:20.08 - Socket successfully created..
2020.12.31-21:30:45.23 - Socket successfully created..
2020.12.31-21:30:58.59 - Socket successfully created..
2020.12.31-21:31:10.50 - Connection success 4...
2020.12.31-21:31:10.50 - Client ip address: 127.0.0.1, port: 5000
2020.12.31-21:31:51.38 - Socket successfully created..
2020.12.31-21:31:53.20 - Port reservation failed...
2020.12.31-21:32:01.69 - Socket successfully created..
2020.12.31-21:32:03.71 - Port reservation failed...
2020.12.31-21:32:15.03 - Socket successfully created..
2020.12.31-21:32:15.04 - Port reservation failed...
2020.12.31-21:32:19.90 - Socket successfully created..
2020.12.31-21:32:19.91 - Port reservation failed...
2020.12.31-21:32:27.27 - Socket successfully created..
2020.12.31-21:32:32.59 - Connection success 4...
2020.12.31-21:32:32.59 - Client ip address: 127.0.0.1, port: 5000
2020.12.31-21:32:35.03 - ping
2020.12.31-21:32:35.03 - {"resp":"pong","data":[1,2,3]}

2020.12.31-21:32:54.73 - {"resp":"pong","data":[1,2,3]}

2020.12.31-22:22:26.84 - Socket successfully created..
2020.12.31-22:22:46.49 - Socket successfully created..
2020.12.31-22:22:52.89 - Connection success 4...
2020.12.31-22:22:52.90 - Client ip address: 127.0.0.1, port: 5000
2020.12.31-22:22:57.55 - ping
2020.12.31-22:22:57.55 - {"resp":"pong","data":[1,2,3]}

2020.12.31-22:23:06.58 - stat
2020.12.31-22:23:06.58 - CPU time: 
1. 0.0000000000000000000000000000000000000000000000000000000289495 sec user,
2. 0.0000000000000000000000000000000000000000000000000000000049773 sec system
3. mem 41832448
2020.12.31-22:23:18.10 - fwinfo
2020.12.31-22:23:18.10 - {"cmd":"fwinfo"}

2020.12.31-22:23:18.10 - Error occured while opening file
2020.12.31-22:23:37.03 - Socket successfully created..
2020.12.31-22:23:37.04 - Port reservation failed...
2020.12.31-22:31:04.21 - Socket successfully created..
2020.12.31-22:36:36.28 - Connection success 4...
2020.12.31-22:36:36.29 - Client ip address: 127.0.0.1, port: 5000
2020.12.31-22:36:37.91 - fwinfo
2020.12.31-22:36:37.91 - {"cmd":"fwinfo"}

2020.12.31-22:36:37.91 - {"fwsize":4295002944,"fwmd5":"001f6cd828806b31919d9c6ba243a163","dt":"311220202236"}

2020.12.31-22:36:46.17 - stat
2020.12.31-22:36:46.17 - CPU time: 
1. 0.0000000000000000000000000000000000000000000000000000000321419 sec user,
2. 0.0000000000000000000000000000000000000000000000000000000056960 sec system
3. mem 41877504
2020.12.31-22:36:52.95 - ping
2020.12.31-22:36:52.95 - {"resp":"pong","data":[1,2,3]}

2020.12.31-22:37:08.14 - close
2020.12.31-22:37:09.14 - Connection with client closes
2020.12.31-22:37:09.14 - {"errco":1,"errdesc":"invalid command"}
2020.12.31-22:39:15.80 - Socket successfully created..
2020.12.31-22:39:22.83 - Connection success 4...
2020.12.31-22:39:22.84 - Client ip address: 127.0.0.1, port: 5000
2020.12.31-22:39:27.60 - ping
2020.12.31-22:39:27.60 - {"resp":"pong","data":[1,2,3]}
2020.12.31-22:39:41.15 - stat
2020.12.31-22:39:41.15 - CPU time: 
1. 0.0000000000000000000000000000000000000000000000000000000287332 sec user,
2. 0.0000000000000000000000000000000000000000000000000000000049585 sec system
3. mem 41795584
2020.12.31-22:39:53.01 - fwinfo
2020.12.31-22:39:53.01 - {"cmd":"fwinfo"}

2020.12.31-22:39:53.02 - {"fwsize":4295003936,"fwmd5":"001f6cd828806b31919d9c6ba243a163","dt":"311220202239"}
2020.12.31-22:40:00.71 - close
2020.12.31-22:40:01.71 - Connection with client closes
2020.12.31-22:40:01.71 - {"errco":1,"errdesc":"invalid command"}
2020.12.31-22:56:04.30 - Socket successfully created..
2020.12.31-22:56:50.66 - Connection success 4...
2020.12.31-22:56:50.66 - Client ip address: 127.0.0.1, port: 5000
2020.12.31-22:56:57.00 - close
2020.12.31-22:56:58.00 - Connection with client closes
2020.12.31-22:56:58.00 - {"errco":1,"errdesc":"invalid command"}
